<?xml version="1.0" encoding="UTF-8"?>
<!-- Generated by org.testng.reporters.JUnitReportReporter -->
<testsuite hostname="DESKTOP-51JIPKB" failures="0" tests="1" name="org.rebotraining.eCommerce_tc_3" time="18.257" errors="0" timestamp="2023-12-20T04:16:14 EST" skipped="0">
  <testcase classname="org.rebotraining.eCommerce_tc_3" name="validatingCartPriceSum" time="18.257"/>
</testsuite> <!-- org.rebotraining.eCommerce_tc_3 -->
